2020-06-03 00:17:04,938[log][ test_searchMovie]INFO-搜索框输入"少年的你"
2020-06-03 00:17:04,938[log][ test_searchMovie]INFO-搜索框输入"少年的你"
2020-06-03 00:17:04,938[log][ test_searchMovie]INFO-搜索框输入"少年的你"
2020-06-03 00:17:05,315[log][ login_email163]INFO-163邮箱登录成功
2020-06-03 00:17:05,315[log][ login_email163]INFO-163邮箱登录成功
2020-06-03 00:17:05,315[log][ login_email163]INFO-163邮箱登录成功
2020-06-03 00:17:05,568[log][ test_downloadAppPanelisDisable]INFO-鼠标悬浮在下载客户端hover出
2020-06-03 00:17:05,568[log][ test_downloadAppPanelisDisable]INFO-鼠标悬浮在下载客户端hover出
2020-06-03 00:17:05,568[log][ test_downloadAppPanelisDisable]INFO-鼠标悬浮在下载客户端hover出
2020-06-03 00:17:05,585[log][ test_downloadAppPanelisDisable]INFO-判断下载的二维码是否可见
2020-06-03 00:17:05,585[log][ test_downloadAppPanelisDisable]INFO-判断下载的二维码是否可见
2020-06-03 00:17:05,585[log][ test_downloadAppPanelisDisable]INFO-判断下载的二维码是否可见
2020-06-03 00:17:05,622[log][ login_email163]INFO-163邮箱登录成功
2020-06-03 00:17:05,622[log][ login_email163]INFO-163邮箱登录成功
2020-06-03 00:17:05,622[log][ login_email163]INFO-163邮箱登录成功
2020-06-03 00:17:06,711[log][ test_searchMovie]INFO-点击搜索按钮
2020-06-03 00:17:06,711[log][ test_searchMovie]INFO-点击搜索按钮
2020-06-03 00:17:06,711[log][ test_searchMovie]INFO-点击搜索按钮
2020-06-03 00:17:06,820[log][ login_db]INFO-豆瓣登录成功
2020-06-03 00:17:06,820[log][ login_db]INFO-豆瓣登录成功
2020-06-03 00:17:06,820[log][ login_db]INFO-豆瓣登录成功
2020-06-03 00:17:07,261[log][ test_openEmail]INFO-已点击收件箱
2020-06-03 00:17:07,261[log][ test_openEmail]INFO-已点击收件箱
2020-06-03 00:17:07,261[log][ test_openEmail]INFO-已点击收件箱
2020-06-03 00:17:07,563[log][ test_openEmail]INFO-点击邮件收件人icon
2020-06-03 00:17:07,563[log][ test_openEmail]INFO-点击邮件收件人icon
2020-06-03 00:17:07,563[log][ test_openEmail]INFO-点击邮件收件人icon
2020-06-03 00:17:07,954[log][ test_searchMovie]INFO-点击搜索到的关键词内容
2020-06-03 00:17:07,954[log][ test_searchMovie]INFO-点击搜索到的关键词内容
2020-06-03 00:17:07,954[log][ test_searchMovie]INFO-点击搜索到的关键词内容
2020-06-03 00:36:52,321[log][ test_searchMovie]INFO-搜索框输入"少年的你"
2020-06-03 00:36:52,321[log][ test_searchMovie]INFO-搜索框输入"少年的你"
2020-06-03 00:36:52,321[log][ test_searchMovie]INFO-搜索框输入"少年的你"
2020-06-03 00:36:52,327[log][ test_downloadAppPanelisDisable]INFO-鼠标悬浮在下载客户端hover出
2020-06-03 00:36:52,327[log][ test_downloadAppPanelisDisable]INFO-鼠标悬浮在下载客户端hover出
2020-06-03 00:36:52,327[log][ test_downloadAppPanelisDisable]INFO-鼠标悬浮在下载客户端hover出
2020-06-03 00:36:52,526[log][ test_downloadAppPanelisDisable]INFO-判断下载的二维码是否可见
2020-06-03 00:36:52,526[log][ test_downloadAppPanelisDisable]INFO-判断下载的二维码是否可见
2020-06-03 00:36:52,526[log][ test_downloadAppPanelisDisable]INFO-判断下载的二维码是否可见
2020-06-03 00:36:53,206[log][ login_email163]INFO-163邮箱登录成功
2020-06-03 00:36:53,206[log][ login_email163]INFO-163邮箱登录成功
2020-06-03 00:36:53,206[log][ login_email163]INFO-163邮箱登录成功
2020-06-03 00:36:53,311[log][ login_email163]INFO-163邮箱登录成功
2020-06-03 00:36:53,311[log][ login_email163]INFO-163邮箱登录成功
2020-06-03 00:36:53,311[log][ login_email163]INFO-163邮箱登录成功
2020-06-03 00:36:54,363[log][ login_db]INFO-豆瓣登录成功
2020-06-03 00:36:54,363[log][ login_db]INFO-豆瓣登录成功
2020-06-03 00:36:54,363[log][ login_db]INFO-豆瓣登录成功
2020-06-03 00:36:54,456[log][ test_searchMovie]INFO-点击搜索按钮
2020-06-03 00:36:54,456[log][ test_searchMovie]INFO-点击搜索按钮
2020-06-03 00:36:54,456[log][ test_searchMovie]INFO-点击搜索按钮
2020-06-03 00:36:54,997[log][ test_openEmail]INFO-已点击收件箱
2020-06-03 00:36:54,997[log][ test_openEmail]INFO-已点击收件箱
2020-06-03 00:36:54,997[log][ test_openEmail]INFO-已点击收件箱
2020-06-03 00:36:55,342[log][ test_openEmail]INFO-点击邮件收件人icon
2020-06-03 00:36:55,342[log][ test_openEmail]INFO-点击邮件收件人icon
2020-06-03 00:36:55,342[log][ test_openEmail]INFO-点击邮件收件人icon
2020-06-03 00:36:55,580[log][ test_searchMovie]INFO-点击搜索到的关键词内容
2020-06-03 00:36:55,580[log][ test_searchMovie]INFO-点击搜索到的关键词内容
2020-06-03 00:36:55,580[log][ test_searchMovie]INFO-点击搜索到的关键词内容
2020-06-03 00:56:17,272[log][ test_searchMovie]INFO-搜索框输入"少年的你"
2020-06-03 00:56:17,272[log][ test_searchMovie]INFO-搜索框输入"少年的你"
2020-06-03 00:56:17,272[log][ test_searchMovie]INFO-搜索框输入"少年的你"
2020-06-03 00:56:17,727[log][ test_downloadAppPanelisDisable]INFO-鼠标悬浮在下载客户端hover出
2020-06-03 00:56:17,727[log][ test_downloadAppPanelisDisable]INFO-鼠标悬浮在下载客户端hover出
2020-06-03 00:56:17,727[log][ test_downloadAppPanelisDisable]INFO-鼠标悬浮在下载客户端hover出
2020-06-03 00:56:17,888[log][ test_downloadAppPanelisDisable]INFO-判断下载的二维码是否可见
2020-06-03 00:56:17,888[log][ test_downloadAppPanelisDisable]INFO-判断下载的二维码是否可见
2020-06-03 00:56:17,888[log][ test_downloadAppPanelisDisable]INFO-判断下载的二维码是否可见
2020-06-03 00:56:18,789[log][ login_email163]INFO-163邮箱登录成功
2020-06-03 00:56:18,789[log][ login_email163]INFO-163邮箱登录成功
2020-06-03 00:56:18,789[log][ login_email163]INFO-163邮箱登录成功
2020-06-03 00:56:18,858[log][ login_email163]INFO-163邮箱登录成功
2020-06-03 00:56:18,858[log][ login_email163]INFO-163邮箱登录成功
2020-06-03 00:56:18,858[log][ login_email163]INFO-163邮箱登录成功
2020-06-03 00:56:19,367[log][ test_searchMovie]INFO-点击搜索按钮
2020-06-03 00:56:19,367[log][ test_searchMovie]INFO-点击搜索按钮
2020-06-03 00:56:19,367[log][ test_searchMovie]INFO-点击搜索按钮
2020-06-03 00:56:20,388[log][ login_db]INFO-豆瓣登录成功
2020-06-03 00:56:20,388[log][ login_db]INFO-豆瓣登录成功
2020-06-03 00:56:20,388[log][ login_db]INFO-豆瓣登录成功
2020-06-03 00:56:20,527[log][ test_searchMovie]INFO-点击搜索到的关键词内容
2020-06-03 00:56:20,527[log][ test_searchMovie]INFO-点击搜索到的关键词内容
2020-06-03 00:56:20,527[log][ test_searchMovie]INFO-点击搜索到的关键词内容
2020-06-03 01:02:21,829[log][ test_downloadAppPanelisDisable]INFO-鼠标悬浮在下载客户端hover出
2020-06-03 01:02:21,829[log][ test_downloadAppPanelisDisable]INFO-鼠标悬浮在下载客户端hover出
2020-06-03 01:02:21,829[log][ test_downloadAppPanelisDisable]INFO-鼠标悬浮在下载客户端hover出
2020-06-03 01:02:21,927[log][ test_downloadAppPanelisDisable]INFO-判断下载的二维码是否可见
2020-06-03 01:02:21,927[log][ test_downloadAppPanelisDisable]INFO-判断下载的二维码是否可见
2020-06-03 01:02:21,927[log][ test_downloadAppPanelisDisable]INFO-判断下载的二维码是否可见
2020-06-03 01:02:21,941[log][ test_searchMovie]INFO-搜索框输入"少年的你"
2020-06-03 01:02:21,941[log][ test_searchMovie]INFO-搜索框输入"少年的你"
2020-06-03 01:02:21,941[log][ test_searchMovie]INFO-搜索框输入"少年的你"
2020-06-03 01:02:22,621[log][ login_email163]INFO-163邮箱登录成功
2020-06-03 01:02:22,621[log][ login_email163]INFO-163邮箱登录成功
2020-06-03 01:02:22,621[log][ login_email163]INFO-163邮箱登录成功
2020-06-03 01:02:22,792[log][ login_email163]INFO-163邮箱登录成功
2020-06-03 01:02:22,792[log][ login_email163]INFO-163邮箱登录成功
2020-06-03 01:02:22,792[log][ login_email163]INFO-163邮箱登录成功
2020-06-03 01:02:23,638[log][ test_searchMovie]INFO-点击搜索按钮
2020-06-03 01:02:23,638[log][ test_searchMovie]INFO-点击搜索按钮
2020-06-03 01:02:23,638[log][ test_searchMovie]INFO-点击搜索按钮
2020-06-03 01:02:23,859[log][ login_db]INFO-豆瓣登录成功
2020-06-03 01:02:23,859[log][ login_db]INFO-豆瓣登录成功
2020-06-03 01:02:23,859[log][ login_db]INFO-豆瓣登录成功
2020-06-03 01:02:24,805[log][ test_searchMovie]INFO-点击搜索到的关键词内容
2020-06-03 01:02:24,805[log][ test_searchMovie]INFO-点击搜索到的关键词内容
2020-06-03 01:02:24,805[log][ test_searchMovie]INFO-点击搜索到的关键词内容
